2022-03-17T16:05:57.576Z [34mdebug[39m: 	[1647533157558, duration: 11] GET:/api/user/repositories, reqOrigin: ::1, resCode: 500
2022-03-17T16:05:57.644Z [34mdebug[39m: 	[1647533157640, duration: 2] GET:/stories/?repoName=New%20Project&source=db&id=620e316730b8b662d48935cd, reqOrigin: ::1, resCode: 401
2022-03-17T16:05:57.708Z [34mdebug[39m: 	[1647533157704, duration: 3] GET:/api/user/repositories, reqOrigin: ::1, resCode: 500
2022-03-17T16:05:57.836Z [34mdebug[39m: 	[1647533157722, duration: 112] GET:/stepTypes, reqOrigin: ::1, resCode: 304
2022-03-17T16:05:58.264Z [34mdebug[39m: 	[1647533158261, duration: 2] GET:/api/user/repositories, reqOrigin: ::1, resCode: 500
2022-03-17T16:06:04.267Z [34mdebug[39m: 	[1647533164131, duration: 135] POST:/login, reqOrigin: ::1, resCode: 200
2022-03-17T16:06:05.311Z [34mdebug[39m: 	[1647533164377, duration: 932] GET:/repositories, reqOrigin: ::1, resCode: 200
2022-03-17T16:06:05.536Z [34mdebug[39m: 	[1647533165518, duration: 17] GET:/620e316730b8b662d48935cd, reqOrigin: ::1, resCode: 200
2022-03-17T16:06:05.557Z [34mdebug[39m: 	[1647533165532, duration: 22] GET:/stepTypes, reqOrigin: ::1, resCode: 304
2022-03-17T16:06:05.564Z [34mdebug[39m: 	[1647533165522, duration: 41] GET:/stories/?repoName=New%20Project&source=db&id=620e316730b8b662d48935cd, reqOrigin: ::1, resCode: 304
2022-03-17T16:06:05.577Z [34mdebug[39m: 	[1647533165559, duration: 17] GET:/620e316730b8b662d48935cd, reqOrigin: ::1, resCode: 304
2022-03-17T16:06:07.041Z [34mdebug[39m: 	[1647533166937, duration: 103] GET:/getBlocks/620e316730b8b662d48935cd, reqOrigin: ::1, resCode: 304
2022-03-17T16:06:07.245Z [34mdebug[39m: 	[1647533167141, duration: 103] GET:/getBlocks/620e316730b8b662d48935cd, reqOrigin: ::1, resCode: 304
2022-03-17T16:06:10.216Z [34mdebug[39m: 	[1647533170008, duration: 207] GET:/reportHistory/620e3d2830b8b662d48935ce, reqOrigin: ::1, resCode: 304
2022-03-17T16:06:15.133Z [34mdebug[39m: 	[1647533175027, duration: 105] GET:/stepTypes, reqOrigin: ::1, resCode: 304
2022-03-17T16:06:15.233Z [34mdebug[39m: 	[1647533175129, duration: 103] GET:/getBlocks/620e316730b8b662d48935cd, reqOrigin: ::1, resCode: 304
2022-03-17T16:06:15.441Z [34mdebug[39m: 	[1647533175335, duration: 105] GET:/getBlocks/620e316730b8b662d48935cd, reqOrigin: ::1, resCode: 304
2022-03-17T16:15:32.871Z [34mdebug[39m: 	[1647533732848, duration: 11] GET:/logout, reqOrigin: ::1, resCode: 200
2022-03-17T16:15:44.877Z [34mdebug[39m: 	[1647533744677, duration: 199] POST:/login, reqOrigin: ::1, resCode: 200
2022-03-17T16:15:46.124Z [34mdebug[39m: 	[1647533744990, duration: 1133] GET:/repositories, reqOrigin: ::1, resCode: 304
2022-03-17T16:15:46.529Z [34mdebug[39m: 	[1647533746411, duration: 116] GET:/620e316730b8b662d48935cd, reqOrigin: ::1, resCode: 304
2022-03-17T16:15:46.540Z [34mdebug[39m: 	[1647533746416, duration: 123] GET:/stepTypes, reqOrigin: ::1, resCode: 304
2022-03-17T16:15:46.542Z [34mdebug[39m: 	[1647533746407, duration: 134] GET:/stories/?repoName=New%20Project&source=db&id=620e316730b8b662d48935cd, reqOrigin: ::1, resCode: 304
2022-03-17T16:15:46.732Z [34mdebug[39m: 	[1647533746629, duration: 101] GET:/620e316730b8b662d48935cd, reqOrigin: ::1, resCode: 304
2022-03-17T16:15:47.757Z [34mdebug[39m: 	[1647533747652, duration: 102] GET:/getBlocks/620e316730b8b662d48935cd, reqOrigin: ::1, resCode: 304
2022-03-17T16:15:47.962Z [34mdebug[39m: 	[1647533747856, duration: 104] GET:/getBlocks/620e316730b8b662d48935cd, reqOrigin: ::1, resCode: 304
2022-03-17T16:17:05.275Z [34mdebug[39m: 	[1647533825271, duration: 3] GET:/logout, reqOrigin: ::1, resCode: 304
2022-05-27T09:54:41.090Z [34mdebug[39m: 	[1653645280940, duration: 141] POST:/login, reqOrigin: ::1, resCode: 200
2022-05-27T09:54:41.681Z [34mdebug[39m: 	[1653645281126, duration: 553] GET:/repositories, reqOrigin: ::1, resCode: 304
2022-05-27T09:54:41.804Z [34mdebug[39m: 	[1653645281777, duration: 26] GET:/627256ca5232c00532cd01a2, reqOrigin: ::1, resCode: 304
2022-05-27T09:54:41.895Z [34mdebug[39m: 	[1653645281867, duration: 27] GET:/stepTypes, reqOrigin: ::1, resCode: 304
2022-05-27T09:54:41.905Z [34mdebug[39m: 	[1653645281872, duration: 32] GET:/627256ca5232c00532cd01a2, reqOrigin: ::1, resCode: 304
2022-05-27T09:54:41.948Z [34mdebug[39m: 	[1653645281853, duration: 94] GET:/stories/?repoName=New%20Project&source=db&id=627256ca5232c00532cd01a2, reqOrigin: ::1, resCode: 304
2022-05-27T09:54:43.223Z [34mdebug[39m: 	[1653645283194, duration: 28] GET:/getBlocks/627256ca5232c00532cd01a2, reqOrigin: ::1, resCode: 304
2022-05-27T09:54:43.286Z [34mdebug[39m: 	[1653645283253, duration: 31] GET:/getBlocks/627256ca5232c00532cd01a2, reqOrigin: ::1, resCode: 304
2022-05-27T09:54:53.644Z [34mdebug[39m: 	[1653645293637, duration: 5] GET:/logout, reqOrigin: ::1, resCode: 200
2022-05-27T10:31:14.157Z [34mdebug[39m: 	[1653647474038, duration: 118] POST:/login, reqOrigin: ::1, resCode: 200
2022-05-27T10:31:14.667Z [34mdebug[39m: 	[1653647474191, duration: 475] GET:/repositories, reqOrigin: ::1, resCode: 304
2022-05-27T10:31:14.754Z [34mdebug[39m: 	[1653647474731, duration: 22] GET:/627256ca5232c00532cd01a2, reqOrigin: ::1, resCode: 304
2022-05-27T10:31:14.828Z [34mdebug[39m: 	[1653647474793, duration: 34] GET:/627256ca5232c00532cd01a2, reqOrigin: ::1, resCode: 304
2022-05-27T10:31:14.833Z [34mdebug[39m: 	[1653647474799, duration: 32] GET:/stepTypes, reqOrigin: ::1, resCode: 304
2022-05-27T10:31:14.864Z [34mdebug[39m: 	[1653647474786, duration: 76] GET:/stories/?repoName=New%20Project&source=db&id=627256ca5232c00532cd01a2, reqOrigin: ::1, resCode: 304
2022-05-27T10:31:15.973Z [34mdebug[39m: 	[1653647475951, duration: 21] GET:/getBlocks/627256ca5232c00532cd01a2, reqOrigin: ::1, resCode: 304
2022-05-27T10:31:16.027Z [34mdebug[39m: 	[1653647475999, duration: 27] GET:/getBlocks/627256ca5232c00532cd01a2, reqOrigin: ::1, resCode: 304
2022-05-27T11:15:15.287Z [34mdebug[39m: 	[1653650115247, duration: 38] GET:/627256ca5232c00532cd01a2, reqOrigin: ::1, resCode: 304
2022-05-27T11:15:15.397Z [34mdebug[39m: 	[1653650115374, duration: 22] GET:/627256ca5232c00532cd01a2, reqOrigin: ::1, resCode: 304
2022-05-27T11:15:15.419Z [34mdebug[39m: 	[1653650115393, duration: 25] GET:/stepTypes, reqOrigin: ::1, resCode: 304
2022-05-27T11:15:15.435Z [34mdebug[39m: 	[1653650115359, duration: 72] GET:/stories/?repoName=New%20Project&source=db&id=627256ca5232c00532cd01a2, reqOrigin: ::1, resCode: 304
2022-05-27T11:15:15.654Z [34mdebug[39m: 	[1653650115145, duration: 508] GET:/repositories, reqOrigin: ::1, resCode: 304
2022-05-27T11:15:17.220Z [34mdebug[39m: 	[1653650117199, duration: 20] GET:/getBlocks/627256ca5232c00532cd01a2, reqOrigin: ::1, resCode: 304
2022-05-27T11:15:17.320Z [34mdebug[39m: 	[1653650117256, duration: 63] GET:/getBlocks/627256ca5232c00532cd01a2, reqOrigin: ::1, resCode: 304
2022-05-27T11:28:09.687Z [34mdebug[39m: 	[1653650889684, duration: 2] GET:/logout, reqOrigin: ::1, resCode: 304
2022-05-31T08:37:28.450Z [34mdebug[39m: 	[1653986248266, duration: 177] POST:/login, reqOrigin: ::1, resCode: 200
2022-05-31T08:37:29.582Z [34mdebug[39m: 	[1653986248489, duration: 1092] GET:/repositories, reqOrigin: ::1, resCode: 304
2022-05-31T08:37:29.904Z [34mdebug[39m: 	[1653986249779, duration: 124] GET:/627256ca5232c00532cd01a2, reqOrigin: ::1, resCode: 304
2022-05-31T08:37:29.985Z [34mdebug[39m: 	[1653986249883, duration: 101] GET:/stepTypes, reqOrigin: ::1, resCode: 200
2022-05-31T08:37:30.092Z [34mdebug[39m: 	[1653986250000, duration: 90] GET:/627256ca5232c00532cd01a2, reqOrigin: ::1, resCode: 304
2022-05-31T08:37:30.187Z [34mdebug[39m: 	[1653986249878, duration: 308] GET:/stories/?repoName=New%20Project&source=db&id=627256ca5232c00532cd01a2, reqOrigin: ::1, resCode: 304
2022-05-31T08:37:32.234Z [34mdebug[39m: 	[1653986252131, duration: 102] GET:/getBlocks/627256ca5232c00532cd01a2, reqOrigin: ::1, resCode: 304
2022-05-31T08:37:32.442Z [34mdebug[39m: 	[1653986252345, duration: 94] GET:/getBlocks/627256ca5232c00532cd01a2, reqOrigin: ::1, resCode: 304
2022-05-31T08:37:54.152Z [34mdebug[39m: 	[1653986274056, duration: 94] GET:/user/, reqOrigin: ::1, resCode: 200
2022-05-31T08:37:54.972Z [34mdebug[39m: 	[1653986274044, duration: 927] GET:/repositories, reqOrigin: ::1, resCode: 304
2022-05-31T08:38:24.573Z [34mdebug[39m: 	[1653986304563, duration: 9] POST:/user/create/, reqOrigin: ::1, resCode: 401
2022-05-31T08:38:26.478Z [34mdebug[39m: 	[1653986305584, duration: 893] GET:/repositories, reqOrigin: ::1, resCode: 304
2022-05-31T08:38:33.866Z [34mdebug[39m: 	[1653986313675, duration: 190] POST:/login, reqOrigin: ::1, resCode: 200
2022-05-31T08:38:35.930Z [34mdebug[39m: 	[1653986313981, duration: 1947] GET:/repositories, reqOrigin: ::1, resCode: 200
2022-05-31T08:38:36.136Z [34mdebug[39m: 	[1653986316033, duration: 102] GET:/627256ca5232c00532cd01a2, reqOrigin: ::1, resCode: 304
2022-05-31T08:38:36.337Z [34mdebug[39m: 	[1653986316234, duration: 102] GET:/627256ca5232c00532cd01a2, reqOrigin: ::1, resCode: 304
2022-05-31T08:38:36.344Z [34mdebug[39m: 	[1653986316236, duration: 107] GET:/stepTypes, reqOrigin: ::1, resCode: 304
2022-05-31T08:38:36.458Z [34mdebug[39m: 	[1653986316231, duration: 226] GET:/stories/?repoName=New%20Project&source=db&id=627256ca5232c00532cd01a2, reqOrigin: ::1, resCode: 304
2022-05-31T08:38:39.206Z [34mdebug[39m: 	[1653986319113, duration: 91] GET:/user/, reqOrigin: ::1, resCode: 200
2022-05-31T08:38:40.944Z [34mdebug[39m: 	[1653986319101, duration: 1842] GET:/repositories, reqOrigin: ::1, resCode: 304
2022-05-31T08:38:49.754Z [34mdebug[39m: 	[1653986329652, duration: 101] GET:/625e5f781393540a00894768, reqOrigin: ::1, resCode: 200
2022-05-31T08:38:49.857Z [34mdebug[39m: 	[1653986329761, duration: 95] GET:/stepTypes, reqOrigin: ::1, resCode: 304
2022-05-31T08:38:49.962Z [34mdebug[39m: 	[1653986329851, duration: 110] GET:/625e5f781393540a00894768, reqOrigin: ::1, resCode: 200
2022-05-31T08:38:50.265Z [34mdebug[39m: 	[1653986329755, duration: 508] GET:/stories/?repoName=udacity/intro-to-ml-tensorflow&githubName=udacity&repository=intro-to-ml-tensorflow&source=github&id=625e5f781393540a00894768, reqOrigin: ::1, resCode: 200
2022-05-31T08:38:53.953Z [34mdebug[39m: 	[1653986333857, duration: 95] GET:/user/, reqOrigin: ::1, resCode: 304
2022-05-31T08:38:55.896Z [34mdebug[39m: 	[1653986333846, duration: 2049] GET:/repositories, reqOrigin: ::1, resCode: 304
2022-05-31T08:39:03.987Z [34mdebug[39m: 	[1653986343881, duration: 105] GET:/627256ca5232c00532cd01a2, reqOrigin: ::1, resCode: 304
2022-05-31T08:39:04.089Z [34mdebug[39m: 	[1653986343982, duration: 106] GET:/stepTypes, reqOrigin: ::1, resCode: 304
2022-05-31T08:39:04.190Z [34mdebug[39m: 	[1653986343883, duration: 306] GET:/stories/?repoName=New%20Project&source=db&id=627256ca5232c00532cd01a2, reqOrigin: ::1, resCode: 304
2022-05-31T08:39:04.192Z [34mdebug[39m: 	[1653986344090, duration: 101] GET:/627256ca5232c00532cd01a2, reqOrigin: ::1, resCode: 304
2022-05-31T08:39:31.224Z [34mdebug[39m: 	[1653986371121, duration: 102] GET:/getBlocks/627256ca5232c00532cd01a2, reqOrigin: ::1, resCode: 304
2022-05-31T08:39:31.442Z [34mdebug[39m: 	[1653986371326, duration: 111] GET:/getBlocks/627256ca5232c00532cd01a2, reqOrigin: ::1, resCode: 304
2022-05-31T08:52:15.759Z [34mdebug[39m: 	[1653987135755, duration: 3] GET:/logout, reqOrigin: ::1, resCode: 200
2022-06-15T07:24:33.512Z [34mdebug[39m: 	[1655277873366, duration: 140] POST:/login, reqOrigin: ::1, resCode: 200
2022-06-15T07:24:35.265Z [34mdebug[39m: 	[1655277873561, duration: 1703] GET:/repositories, reqOrigin: ::1, resCode: 200
2022-06-15T07:24:35.392Z [34mdebug[39m: 	[1655277875365, duration: 26] GET:/627256ca5232c00532cd01a2, reqOrigin: ::1, resCode: 200
2022-06-15T07:24:35.600Z [34mdebug[39m: 	[1655277875577, duration: 22] GET:/627256ca5232c00532cd01a2, reqOrigin: ::1, resCode: 304
2022-06-15T07:24:35.620Z [34mdebug[39m: 	[1655277875591, duration: 28] GET:/stepTypes, reqOrigin: ::1, resCode: 200
2022-06-15T07:24:35.636Z [34mdebug[39m: 	[1655277875566, duration: 68] GET:/stories/?repoName=New%20Project&source=db&id=627256ca5232c00532cd01a2, reqOrigin: ::1, resCode: 200
2022-06-15T07:24:57.515Z [34mdebug[39m: 	[1655277897490, duration: 24] GET:/getBlocks/627256ca5232c00532cd01a2, reqOrigin: ::1, resCode: 200
2022-06-15T07:24:57.563Z [34mdebug[39m: 	[1655277897538, duration: 23] GET:/getBlocks/627256ca5232c00532cd01a2, reqOrigin: ::1, resCode: 304
2022-06-15T08:41:35.615Z [34mdebug[39m: 	[1655282495590, duration: 24] GET:/user/, reqOrigin: ::1, resCode: 200
2022-06-15T08:41:37.258Z [34mdebug[39m: 	[1655282495575, duration: 1680] GET:/repositories, reqOrigin: ::1, resCode: 304
2022-06-15T08:41:49.073Z [34mdebug[39m: 	[1655282507464, duration: 1606] GET:/repositories, reqOrigin: ::1, resCode: 304
2022-06-15T08:41:50.680Z [34mdebug[39m: 	[1655282509110, duration: 1568] GET:/repositories, reqOrigin: ::1, resCode: 304
2022-06-15T10:23:41.173Z [34mdebug[39m: 	[1655288621135, duration: 36] GET:/627256ca5232c00532cd01a2, reqOrigin: ::1, resCode: 304
2022-06-15T10:23:41.182Z [34mdebug[39m: 	[1655288621145, duration: 36] GET:/stepTypes, reqOrigin: ::1, resCode: 304
2022-06-15T10:23:41.241Z [34mdebug[39m: 	[1655288621137, duration: 103] GET:/stories/?repoName=New%20Project&source=db&id=627256ca5232c00532cd01a2, reqOrigin: ::1, resCode: 304
2022-06-15T10:23:41.245Z [34mdebug[39m: 	[1655288621209, duration: 35] GET:/627256ca5232c00532cd01a2, reqOrigin: ::1, resCode: 304
2022-06-15T10:34:56.369Z [34mdebug[39m: 	[1655289296365, duration: 3] GET:/logout, reqOrigin: ::1, resCode: 200
2022-06-28T08:36:35.111Z [34mdebug[39m: 	[1656405394933, duration: 164] POST:/login, reqOrigin: ::1, resCode: 200
2022-06-28T08:36:36.898Z [34mdebug[39m: 	[1656405395155, duration: 1739] GET:/repositories, reqOrigin: ::1, resCode: 200
2022-06-28T08:36:37.040Z [34mdebug[39m: 	[1656405397004, duration: 35] GET:/627256ca5232c00532cd01a2, reqOrigin: ::1, resCode: 200
2022-06-28T08:36:37.110Z [34mdebug[39m: 	[1656405397079, duration: 30] GET:/627256ca5232c00532cd01a2, reqOrigin: ::1, resCode: 304
2022-06-28T08:36:37.121Z [34mdebug[39m: 	[1656405397086, duration: 34] GET:/stepTypes, reqOrigin: ::1, resCode: 200
2022-06-28T08:36:37.162Z [34mdebug[39m: 	[1656405397075, duration: 85] GET:/stories/?repoName=New%20Project&source=db&id=627256ca5232c00532cd01a2, reqOrigin: ::1, resCode: 200
2022-06-28T08:37:19.105Z [34mdebug[39m: 	[1656405439075, duration: 29] GET:/getBlocks/627256ca5232c00532cd01a2, reqOrigin: ::1, resCode: 200
2022-06-28T08:37:19.170Z [34mdebug[39m: 	[1656405439138, duration: 31] GET:/getBlocks/627256ca5232c00532cd01a2, reqOrigin: ::1, resCode: 304
2022-06-28T09:24:30.936Z [34mdebug[39m: 	[1656408270902, duration: 32] GET:/627256ca5232c00532cd01a2, reqOrigin: ::1, resCode: 304
2022-06-28T09:24:30.998Z [34mdebug[39m: 	[1656408270970, duration: 26] GET:/627256ca5232c00532cd01a2, reqOrigin: ::1, resCode: 304
2022-06-28T09:24:31.008Z [34mdebug[39m: 	[1656408270978, duration: 29] GET:/stepTypes, reqOrigin: ::1, resCode: 304
2022-06-28T09:24:31.039Z [34mdebug[39m: 	[1656408270954, duration: 84] GET:/stories/?repoName=New%20Project&source=db&id=627256ca5232c00532cd01a2, reqOrigin: ::1, resCode: 304
2022-06-28T09:24:32.520Z [34mdebug[39m: 	[1656408270827, duration: 1692] GET:/repositories, reqOrigin: ::1, resCode: 304
2022-06-28T09:25:57.113Z [34mdebug[39m: 	[1656408357079, duration: 33] GET:/getBlocks/627256ca5232c00532cd01a2, reqOrigin: ::1, resCode: 304
2022-06-28T09:25:57.171Z [34mdebug[39m: 	[1656408357144, duration: 26] GET:/getBlocks/627256ca5232c00532cd01a2, reqOrigin: ::1, resCode: 304
2022-06-28T11:06:52.187Z [34mdebug[39m: 	[1656414412181, duration: 5] GET:/logout, reqOrigin: ::1, resCode: 200
2022-06-29T07:57:42.821Z [34mdebug[39m: 	[1656489462616, duration: 197] POST:/login, reqOrigin: ::1, resCode: 200
2022-06-29T07:57:44.501Z [34mdebug[39m: 	[1656489462865, duration: 1635] GET:/repositories, reqOrigin: ::1, resCode: 304
2022-06-29T07:57:44.636Z [34mdebug[39m: 	[1656489464604, duration: 31] GET:/627256ca5232c00532cd01a2, reqOrigin: ::1, resCode: 304
2022-06-29T07:57:44.706Z [34mdebug[39m: 	[1656489464674, duration: 29] GET:/627256ca5232c00532cd01a2, reqOrigin: ::1, resCode: 304
2022-06-29T07:57:44.712Z [34mdebug[39m: 	[1656489464611, duration: 99] GET:/stories/?repoName=New%20Project&source=db&id=627256ca5232c00532cd01a2, reqOrigin: ::1, resCode: 304
2022-06-29T07:57:44.718Z [34mdebug[39m: 	[1656489464681, duration: 35] GET:/stepTypes, reqOrigin: ::1, resCode: 304
2022-06-29T08:07:37.869Z [34mdebug[39m: 	[1656490057837, duration: 29] GET:/627256ca5232c00532cd01a2, reqOrigin: ::1, resCode: 304
2022-06-29T08:07:37.969Z [34mdebug[39m: 	[1656490057938, duration: 29] GET:/627256ca5232c00532cd01a2, reqOrigin: ::1, resCode: 304
2022-06-29T08:07:37.986Z [34mdebug[39m: 	[1656490057942, duration: 41] GET:/stepTypes, reqOrigin: ::1, resCode: 304
2022-06-29T08:07:38.011Z [34mdebug[39m: 	[1656490057915, duration: 95] GET:/stories/?repoName=New%20Project&source=db&id=627256ca5232c00532cd01a2, reqOrigin: ::1, resCode: 304
2022-06-29T08:07:39.459Z [34mdebug[39m: 	[1656490057744, duration: 1711] GET:/repositories, reqOrigin: ::1, resCode: 304
2022-06-29T08:07:40.235Z [34mdebug[39m: 	[1656490060204, duration: 30] GET:/getBlocks/627256ca5232c00532cd01a2, reqOrigin: ::1, resCode: 304
2022-06-29T08:07:40.301Z [34mdebug[39m: 	[1656490060267, duration: 33] GET:/getBlocks/627256ca5232c00532cd01a2, reqOrigin: ::1, resCode: 304
2022-06-29T10:03:36.034Z [34mdebug[39m: 	[1656497016028, duration: 5] GET:/logout, reqOrigin: ::1, resCode: 200
2022-06-29T14:32:16.440Z [34mdebug[39m: 	[1656513136289, duration: 145] POST:/login, reqOrigin: ::1, resCode: 200
2022-06-29T14:32:18.168Z [34mdebug[39m: 	[1656513136482, duration: 1685] GET:/repositories, reqOrigin: ::1, resCode: 304
2022-06-29T14:32:18.290Z [34mdebug[39m: 	[1656513138248, duration: 41] GET:/627256ca5232c00532cd01a2, reqOrigin: ::1, resCode: 304
2022-06-29T14:32:18.391Z [34mdebug[39m: 	[1656513138353, duration: 37] GET:/stepTypes, reqOrigin: ::1, resCode: 304
2022-06-29T14:32:18.394Z [34mdebug[39m: 	[1656513138350, duration: 43] GET:/627256ca5232c00532cd01a2, reqOrigin: ::1, resCode: 304
2022-06-29T14:32:18.447Z [34mdebug[39m: 	[1656513138342, duration: 102] GET:/stories/?repoName=New%20Project&source=db&id=627256ca5232c00532cd01a2, reqOrigin: ::1, resCode: 304
2022-06-29T14:32:23.019Z [34mdebug[39m: 	[1656513142986, duration: 32] GET:/getBlocks/627256ca5232c00532cd01a2, reqOrigin: ::1, resCode: 304
2022-06-29T14:32:23.091Z [34mdebug[39m: 	[1656513143047, duration: 42] GET:/getBlocks/627256ca5232c00532cd01a2, reqOrigin: ::1, resCode: 304
2022-06-29T14:33:30.539Z [34mdebug[39m: 	[1656513210506, duration: 32] GET:/627256ca5232c00532cd01a2, reqOrigin: ::1, resCode: 304
2022-06-29T14:33:30.600Z [34mdebug[39m: 	[1656513210568, duration: 31] GET:/627256ca5232c00532cd01a2, reqOrigin: ::1, resCode: 304
2022-06-29T14:33:30.620Z [34mdebug[39m: 	[1656513210587, duration: 32] GET:/stepTypes, reqOrigin: ::1, resCode: 304
2022-06-29T14:33:30.641Z [34mdebug[39m: 	[1656513210553, duration: 87] GET:/stories/?repoName=New%20Project&source=db&id=627256ca5232c00532cd01a2, reqOrigin: ::1, resCode: 304
2022-06-29T14:33:32.082Z [34mdebug[39m: 	[1656513210423, duration: 1658] GET:/repositories, reqOrigin: ::1, resCode: 304
2022-06-29T14:33:37.506Z [34mdebug[39m: 	[1656513217478, duration: 27] GET:/getBlocks/627256ca5232c00532cd01a2, reqOrigin: ::1, resCode: 304
2022-06-29T14:33:37.562Z [34mdebug[39m: 	[1656513217534, duration: 27] GET:/getBlocks/627256ca5232c00532cd01a2, reqOrigin: ::1, resCode: 304
2022-06-29T14:33:42.185Z [34mdebug[39m: 	[1656513222086, duration: 98] PUT:/62725b49907b9f05c0e1d15b, reqOrigin: ::1, resCode: 200
2022-06-29T14:33:49.124Z [34mdebug[39m: 	[1656513229094, duration: 29] GET:/627256ca5232c00532cd01a2, reqOrigin: ::1, resCode: 304
2022-06-29T14:33:49.221Z [34mdebug[39m: 	[1656513229188, duration: 31] GET:/627256ca5232c00532cd01a2, reqOrigin: ::1, resCode: 304
2022-06-29T14:33:49.227Z [34mdebug[39m: 	[1656513229195, duration: 31] GET:/stepTypes, reqOrigin: ::1, resCode: 304
2022-06-29T14:33:49.260Z [34mdebug[39m: 	[1656513229175, duration: 83] GET:/stories/?repoName=New%20Project&source=db&id=627256ca5232c00532cd01a2, reqOrigin: ::1, resCode: 304
2022-06-29T14:33:50.667Z [34mdebug[39m: 	[1656513228997, duration: 1669] GET:/repositories, reqOrigin: ::1, resCode: 304
2022-06-29T14:33:51.350Z [34mdebug[39m: 	[1656513231319, duration: 27] GET:/getBlocks/627256ca5232c00532cd01a2, reqOrigin: ::1, resCode: 304
2022-06-29T14:33:51.410Z [34mdebug[39m: 	[1656513231382, duration: 27] GET:/getBlocks/627256ca5232c00532cd01a2, reqOrigin: ::1, resCode: 304
2022-06-29T14:34:01.840Z [34mdebug[39m: 	[1656513241725, duration: 114] PUT:/62725b49907b9f05c0e1d15b, reqOrigin: ::1, resCode: 200
2022-06-29T14:35:22.311Z [34mdebug[39m: 	[1656513322216, duration: 94] PUT:/62725b49907b9f05c0e1d15b, reqOrigin: ::1, resCode: 200
2022-06-29T14:35:30.638Z [34mdebug[39m: 	[1656513330634, duration: 3] GET:/logout, reqOrigin: ::1, resCode: 304
2022-06-29T14:36:02.468Z [34mdebug[39m: 	[1656513362127, duration: 340] POST:/login, reqOrigin: ::1, resCode: 200
2022-06-29T14:36:04.507Z [34mdebug[39m: 	[1656513362691, duration: 1815] GET:/repositories, reqOrigin: ::1, resCode: 304
2022-06-29T14:36:04.652Z [34mdebug[39m: 	[1656513364614, duration: 36] GET:/627256ca5232c00532cd01a2, reqOrigin: ::1, resCode: 304
2022-06-29T14:36:04.776Z [34mdebug[39m: 	[1656513364743, duration: 31] GET:/stepTypes, reqOrigin: ::1, resCode: 304
2022-06-29T14:36:04.777Z [34mdebug[39m: 	[1656513364746, duration: 30] GET:/627256ca5232c00532cd01a2, reqOrigin: ::1, resCode: 304
2022-06-29T14:36:04.821Z [34mdebug[39m: 	[1656513364710, duration: 111] GET:/stories/?repoName=New%20Project&source=db&id=627256ca5232c00532cd01a2, reqOrigin: ::1, resCode: 304
2022-06-29T14:36:06.513Z [34mdebug[39m: 	[1656513366479, duration: 33] GET:/getBlocks/627256ca5232c00532cd01a2, reqOrigin: ::1, resCode: 304
2022-06-29T14:36:06.605Z [34mdebug[39m: 	[1656513366557, duration: 30] GET:/getBlocks/627256ca5232c00532cd01a2, reqOrigin: ::1, resCode: 304
2022-06-29T14:36:16.711Z [34mdebug[39m: 	[1656513376576, duration: 134] PUT:/62725b49907b9f05c0e1d15b, reqOrigin: ::1, resCode: 200
