sended request[{"Time":1647533157535,"reqMethod":"GET","reqURL":"http://localhost:8080/api/user/repositories"},{"normalizedNames":{},"lazyUpdate":null,"headers":{}}]
sended request[{"Time":1647533157614,"reqMethod":"GET","reqURL":"http://localhost:8080/api/user/stories/?repoName=New%20Project&source=db&id=620e316730b8b662d48935cd"},{"normalizedNames":{},"lazyUpdate":null,"headers":{}}]
sended request[{"Time":1647533157633,"reqMethod":"GET","reqURL":"http://localhost:8080/api/group/620e316730b8b662d48935cd"},{"normalizedNames":{},"lazyUpdate":null,"headers":{}}]
sended request[{"Time":1647533157642,"reqMethod":"GET","reqURL":"http://localhost:8080/api/group/620e316730b8b662d48935cd"},{"normalizedNames":{},"lazyUpdate":null,"headers":{}}]
sended request[{"Time":1647533157696,"reqMethod":"GET","reqURL":"http://localhost:8080/api/user/repositories"},{"normalizedNames":{},"lazyUpdate":null,"headers":{}}]
sended request[{"Time":1647533157706,"reqMethod":"GET","reqURL":"http://localhost:8080/api/mongo/stepTypes"},{"normalizedNames":{},"lazyUpdate":null,"headers":{}}]
sended request[{"Time":1647533158252,"reqMethod":"GET","reqURL":"http://localhost:8080/api/user/repositories"},{"normalizedNames":{},"lazyUpdate":null,"headers":{}}]
sended request[{"Time":1647533164112,"reqMethod":"POST","reqURL":"http://localhost:8080/api/user/login"},{"normalizedNames":{},"lazyUpdate":null,"headers":{}}]
sended request[{"Time":1647533164269,"reqMethod":"GET","reqURL":"http://localhost:8080/api/user/repositories"},{"normalizedNames":{},"lazyUpdate":null,"headers":{}}]
sended request[{"Time":1647533165331,"reqMethod":"GET","reqURL":"http://localhost:8080/api/user/stories/?repoName=New%20Project&source=db&id=620e316730b8b662d48935cd"},{"normalizedNames":{},"lazyUpdate":null,"headers":{}}]
sended request[{"Time":1647533165338,"reqMethod":"GET","reqURL":"http://localhost:8080/api/group/620e316730b8b662d48935cd"},{"normalizedNames":{},"lazyUpdate":null,"headers":{}}]
sended request[{"Time":1647533165347,"reqMethod":"GET","reqURL":"http://localhost:8080/api/group/620e316730b8b662d48935cd"},{"normalizedNames":{},"lazyUpdate":null,"headers":{}}]
sended request[{"Time":1647533165405,"reqMethod":"GET","reqURL":"http://localhost:8080/api/mongo/stepTypes"},{"normalizedNames":{},"lazyUpdate":null,"headers":{}}]
sended request[{"Time":1647533166853,"reqMethod":"GET","reqURL":"http://localhost:8080/api/mongo/getBlocks/620e316730b8b662d48935cd"},{"normalizedNames":{},"lazyUpdate":null,"headers":{}}]
sended request[{"Time":1647533166865,"reqMethod":"GET","reqURL":"http://localhost:8080/api/mongo/getBlocks/620e316730b8b662d48935cd"},{"normalizedNames":{},"lazyUpdate":null,"headers":{}}]
sended request[{"Time":1647533169976,"reqMethod":"GET","reqURL":"http://localhost:8080/api/run/reportHistory/620e3d2830b8b662d48935ce"},{"normalizedNames":{},"lazyUpdate":null,"headers":{}}]
sended request[{"Time":1647533174975,"reqMethod":"GET","reqURL":"http://localhost:8080/api/mongo/stepTypes"},{"normalizedNames":{},"lazyUpdate":null,"headers":{}}]
sended request[{"Time":1647533175012,"reqMethod":"GET","reqURL":"http://localhost:8080/api/mongo/getBlocks/620e316730b8b662d48935cd"},{"normalizedNames":{},"lazyUpdate":null,"headers":{}}]
sended request[{"Time":1647533175021,"reqMethod":"GET","reqURL":"http://localhost:8080/api/mongo/getBlocks/620e316730b8b662d48935cd"},{"normalizedNames":{},"lazyUpdate":null,"headers":{}}]
sended request[{"Time":1647533732824,"reqMethod":"GET","reqURL":"http://localhost:8080/api/user/logout"},{"normalizedNames":{},"lazyUpdate":null,"headers":{}}]
sended request[{"Time":1647533744661,"reqMethod":"POST","reqURL":"http://localhost:8080/api/user/login"},{"normalizedNames":{},"lazyUpdate":null,"headers":{}}]
sended request[{"Time":1647533744882,"reqMethod":"GET","reqURL":"http://localhost:8080/api/user/repositories"},{"normalizedNames":{},"lazyUpdate":null,"headers":{}}]
sended request[{"Time":1647533746142,"reqMethod":"GET","reqURL":"http://localhost:8080/api/user/stories/?repoName=New%20Project&source=db&id=620e316730b8b662d48935cd"},{"normalizedNames":{},"lazyUpdate":null,"headers":{}}]
sended request[{"Time":1647533746146,"reqMethod":"GET","reqURL":"http://localhost:8080/api/group/620e316730b8b662d48935cd"},{"normalizedNames":{},"lazyUpdate":null,"headers":{}}]
sended request[{"Time":1647533746149,"reqMethod":"GET","reqURL":"http://localhost:8080/api/group/620e316730b8b662d48935cd"},{"normalizedNames":{},"lazyUpdate":null,"headers":{}}]
sended request[{"Time":1647533746222,"reqMethod":"GET","reqURL":"http://localhost:8080/api/mongo/stepTypes"},{"normalizedNames":{},"lazyUpdate":null,"headers":{}}]
sended request[{"Time":1647533747579,"reqMethod":"GET","reqURL":"http://localhost:8080/api/mongo/getBlocks/620e316730b8b662d48935cd"},{"normalizedNames":{},"lazyUpdate":null,"headers":{}}]
sended request[{"Time":1647533747587,"reqMethod":"GET","reqURL":"http://localhost:8080/api/mongo/getBlocks/620e316730b8b662d48935cd"},{"normalizedNames":{},"lazyUpdate":null,"headers":{}}]
sended request[{"Time":1647533825172,"reqMethod":"GET","reqURL":"http://localhost:8080/api/user/logout"},{"normalizedNames":{},"lazyUpdate":null,"headers":{}}]
sended request[{"Time":1649146960216,"reqMethod":"GET","reqURL":"http://localhost:8080/api/user/callback?code=a863130ca823008183f9"},{"normalizedNames":{},"lazyUpdate":null,"headers":{}}]
sended request[{"Time":1649146960942,"reqMethod":"GET","reqURL":"http://localhost:8080/api/user/repositories"},{"normalizedNames":{},"lazyUpdate":null,"headers":{}}]
sended request[{"Time":1649146966260,"reqMethod":"GET","reqURL":"http://localhost:8080/api/user/stories/?repoName=adessoSE/Seed-Test&githubName=adessoSE&repository=Seed-Test&source=github&id=620b63dc56b9040017673746"},{"normalizedNames":{},"lazyUpdate":null,"headers":{}}]
sended request[{"Time":1649146966262,"reqMethod":"GET","reqURL":"http://localhost:8080/api/group/620b63dc56b9040017673746"},{"normalizedNames":{},"lazyUpdate":null,"headers":{}}]
sended request[{"Time":1649146966261,"reqMethod":"GET","reqURL":"http://localhost:8080/api/group/620b63dc56b9040017673746"},{"normalizedNames":{},"lazyUpdate":null,"headers":{}}]
sended request[{"Time":1649146966278,"reqMethod":"GET","reqURL":"http://localhost:8080/api/mongo/stepTypes"},{"normalizedNames":{},"lazyUpdate":null,"headers":{}}]
sended request[{"Time":1649146967647,"reqMethod":"GET","reqURL":"http://localhost:8080/api/mongo/getBlocks/620b63dc56b9040017673746"},{"normalizedNames":{},"lazyUpdate":null,"headers":{}}]
sended request[{"Time":1649146967650,"reqMethod":"GET","reqURL":"http://localhost:8080/api/mongo/getBlocks/620b63dc56b9040017673746"},{"normalizedNames":{},"lazyUpdate":null,"headers":{}}]
sended request[{"Time":1649146976629,"reqMethod":"GET","reqURL":"http://localhost:8080/api/mongo/user/"},{"normalizedNames":{},"lazyUpdate":null,"headers":{}}]
sended request[{"Time":1649146976627,"reqMethod":"GET","reqURL":"http://localhost:8080/api/user/repositories"},{"normalizedNames":{},"lazyUpdate":null,"headers":{}}]
sended request[{"Time":1649147989575,"reqMethod":"POST","reqURL":"http://localhost:8080/api/jira/user/create/"},{"normalizedNames":{},"lazyUpdate":null,"headers":{}}]
sended request[{"Time":1649148221255,"reqMethod":"GET","reqURL":"http://localhost:8080/api/user/logout"},{"normalizedNames":{},"lazyUpdate":null,"headers":{}}]
sended request[{"Time":1649148222989,"reqMethod":"POST","reqURL":"http://localhost:8080/api/user/login"},{"normalizedNames":{},"lazyUpdate":null,"headers":{}}]
sended request[{"Time":1649148223094,"reqMethod":"GET","reqURL":"http://localhost:8080/api/user/repositories"},{"normalizedNames":{},"lazyUpdate":null,"headers":{}}]
sended request[{"Time":1649148224468,"reqMethod":"GET","reqURL":"http://localhost:8080/api/user/stories/?repoName=adessoSE/Seed-Test&githubName=adessoSE&repository=Seed-Test&source=github&id=620b63dc56b9040017673746"},{"normalizedNames":{},"lazyUpdate":null,"headers":{}}]
sended request[{"Time":1649148224468,"reqMethod":"GET","reqURL":"http://localhost:8080/api/group/620b63dc56b9040017673746"},{"normalizedNames":{},"lazyUpdate":null,"headers":{}}]
sended request[{"Time":1649148224470,"reqMethod":"GET","reqURL":"http://localhost:8080/api/group/620b63dc56b9040017673746"},{"normalizedNames":{},"lazyUpdate":null,"headers":{}}]
sended request[{"Time":1649148224487,"reqMethod":"GET","reqURL":"http://localhost:8080/api/mongo/stepTypes"},{"normalizedNames":{},"lazyUpdate":null,"headers":{}}]
sended request[{"Time":1649148231215,"reqMethod":"GET","reqURL":"http://localhost:8080/api/user/repositories"},{"normalizedNames":{},"lazyUpdate":null,"headers":{}}]
sended request[{"Time":1649148231217,"reqMethod":"GET","reqURL":"http://localhost:8080/api/mongo/user/"},{"normalizedNames":{},"lazyUpdate":null,"headers":{}}]
sended request[{"Time":1649148248934,"reqMethod":"POST","reqURL":"http://localhost:8080/api/jira/user/create/"},{"normalizedNames":{},"lazyUpdate":null,"headers":{}}]
sended request[{"Time":1649148251087,"reqMethod":"GET","reqURL":"http://localhost:8080/api/mongo/user/"},{"normalizedNames":{},"lazyUpdate":null,"headers":{}}]
sended request[{"Time":1649148267785,"reqMethod":"GET","reqURL":"http://localhost:8080/api/user/repositories"},{"normalizedNames":{},"lazyUpdate":null,"headers":{}}]
sended request[{"Time":1649148267805,"reqMethod":"GET","reqURL":"http://localhost:8080/api/user/repositories"},{"normalizedNames":{},"lazyUpdate":null,"headers":{}}]
sended request[{"Time":1649148267809,"reqMethod":"GET","reqURL":"http://localhost:8080/api/mongo/user/"},{"normalizedNames":{},"lazyUpdate":null,"headers":{}}]
sended request[{"Time":1649148335855,"reqMethod":"GET","reqURL":"http://localhost:8080/api/user/repositories"},{"normalizedNames":{},"lazyUpdate":null,"headers":{}}]
sended request[{"Time":1649148335876,"reqMethod":"GET","reqURL":"http://localhost:8080/api/user/repositories"},{"normalizedNames":{},"lazyUpdate":null,"headers":{}}]
sended request[{"Time":1649148335880,"reqMethod":"GET","reqURL":"http://localhost:8080/api/mongo/user/"},{"normalizedNames":{},"lazyUpdate":null,"headers":{}}]
sended request[{"Time":1649148355870,"reqMethod":"GET","reqURL":"http://localhost:8080/api/user/repositories"},{"normalizedNames":{},"lazyUpdate":null,"headers":{}}]
sended request[{"Time":1649148355895,"reqMethod":"GET","reqURL":"http://localhost:8080/api/user/repositories"},{"normalizedNames":{},"lazyUpdate":null,"headers":{}}]
sended request[{"Time":1649148355905,"reqMethod":"GET","reqURL":"http://localhost:8080/api/mongo/user/"},{"normalizedNames":{},"lazyUpdate":null,"headers":{}}]
sended request[{"Time":1649148480563,"reqMethod":"GET","reqURL":"http://localhost:8080/api/user/logout"},{"normalizedNames":{},"lazyUpdate":null,"headers":{}}]
sended request[{"Time":1649148481525,"reqMethod":"POST","reqURL":"http://localhost:8080/api/user/login"},{"normalizedNames":{},"lazyUpdate":null,"headers":{}}]
sended request[{"Time":1649148481619,"reqMethod":"GET","reqURL":"http://localhost:8080/api/user/repositories"},{"normalizedNames":{},"lazyUpdate":null,"headers":{}}]
sended request[{"Time":1649148482924,"reqMethod":"GET","reqURL":"http://localhost:8080/api/user/stories/?repoName=adessoSE/Seed-Test&githubName=adessoSE&repository=Seed-Test&source=github&id=620b63dc56b9040017673746"},{"normalizedNames":{},"lazyUpdate":null,"headers":{}}]
sended request[{"Time":1649148482927,"reqMethod":"GET","reqURL":"http://localhost:8080/api/group/620b63dc56b9040017673746"},{"normalizedNames":{},"lazyUpdate":null,"headers":{}}]
sended request[{"Time":1649148482931,"reqMethod":"GET","reqURL":"http://localhost:8080/api/group/620b63dc56b9040017673746"},{"normalizedNames":{},"lazyUpdate":null,"headers":{}}]
sended request[{"Time":1649148482975,"reqMethod":"GET","reqURL":"http://localhost:8080/api/mongo/stepTypes"},{"normalizedNames":{},"lazyUpdate":null,"headers":{}}]
sended request[{"Time":1649148495193,"reqMethod":"GET","reqURL":"http://localhost:8080/api/user/repositories"},{"normalizedNames":{},"lazyUpdate":null,"headers":{}}]
sended request[{"Time":1649148495198,"reqMethod":"GET","reqURL":"http://localhost:8080/api/mongo/user/"},{"normalizedNames":{},"lazyUpdate":null,"headers":{}}]
sended request[{"Time":1649148515906,"reqMethod":"POST","reqURL":"http://localhost:8080/api/jira/user/create/"},{"normalizedNames":{},"lazyUpdate":null,"headers":{}}]
sended request[{"Time":1649148547212,"reqMethod":"GET","reqURL":"http://localhost:8080/api/user/logout"},{"normalizedNames":{},"lazyUpdate":null,"headers":{}}]
sended request[{"Time":1649148548076,"reqMethod":"POST","reqURL":"http://localhost:8080/api/user/login"},{"normalizedNames":{},"lazyUpdate":null,"headers":{}}]
sended request[{"Time":1649148548165,"reqMethod":"GET","reqURL":"http://localhost:8080/api/user/repositories"},{"normalizedNames":{},"lazyUpdate":null,"headers":{}}]
sended request[{"Time":1649148549652,"reqMethod":"GET","reqURL":"http://localhost:8080/api/user/stories/?repoName=adessoSE/Seed-Test&githubName=adessoSE&repository=Seed-Test&source=github&id=620b63dc56b9040017673746"},{"normalizedNames":{},"lazyUpdate":null,"headers":{}}]
sended request[{"Time":1649148549655,"reqMethod":"GET","reqURL":"http://localhost:8080/api/group/620b63dc56b9040017673746"},{"normalizedNames":{},"lazyUpdate":null,"headers":{}}]
sended request[{"Time":1649148549659,"reqMethod":"GET","reqURL":"http://localhost:8080/api/group/620b63dc56b9040017673746"},{"normalizedNames":{},"lazyUpdate":null,"headers":{}}]
sended request[{"Time":1649148549696,"reqMethod":"GET","reqURL":"http://localhost:8080/api/mongo/stepTypes"},{"normalizedNames":{},"lazyUpdate":null,"headers":{}}]
sended request[{"Time":1649148571310,"reqMethod":"GET","reqURL":"http://localhost:8080/api/mongo/user/"},{"normalizedNames":{},"lazyUpdate":null,"headers":{}}]
sended request[{"Time":1649148571306,"reqMethod":"GET","reqURL":"http://localhost:8080/api/user/repositories"},{"normalizedNames":{},"lazyUpdate":null,"headers":{}}]
sended request[{"Time":1649148585236,"reqMethod":"POST","reqURL":"http://localhost:8080/api/jira/user/create/"},{"normalizedNames":{},"lazyUpdate":null,"headers":{}}]
sended request[{"Time":1649148587849,"reqMethod":"GET","reqURL":"http://localhost:8080/api/mongo/user/"},{"normalizedNames":{},"lazyUpdate":null,"headers":{}}]
sended request[{"Time":1649148667051,"reqMethod":"GET","reqURL":"http://localhost:8080/api/user/logout"},{"normalizedNames":{},"lazyUpdate":null,"headers":{}}]
sended request[{"Time":1649148668588,"reqMethod":"POST","reqURL":"http://localhost:8080/api/user/login"},{"normalizedNames":{},"lazyUpdate":null,"headers":{}}]
sended request[{"Time":1649148668665,"reqMethod":"GET","reqURL":"http://localhost:8080/api/user/repositories"},{"normalizedNames":{},"lazyUpdate":null,"headers":{}}]
sended request[{"Time":1649148669846,"reqMethod":"GET","reqURL":"http://localhost:8080/api/user/stories/?repoName=adessoSE/Seed-Test&githubName=adessoSE&repository=Seed-Test&source=github&id=620b63dc56b9040017673746"},{"normalizedNames":{},"lazyUpdate":null,"headers":{}}]
sended request[{"Time":1649148669849,"reqMethod":"GET","reqURL":"http://localhost:8080/api/group/620b63dc56b9040017673746"},{"normalizedNames":{},"lazyUpdate":null,"headers":{}}]
sended request[{"Time":1649148669854,"reqMethod":"GET","reqURL":"http://localhost:8080/api/group/620b63dc56b9040017673746"},{"normalizedNames":{},"lazyUpdate":null,"headers":{}}]
sended request[{"Time":1649148669886,"reqMethod":"GET","reqURL":"http://localhost:8080/api/mongo/stepTypes"},{"normalizedNames":{},"lazyUpdate":null,"headers":{}}]
sended request[{"Time":1649149149193,"reqMethod":"GET","reqURL":"http://localhost:8080/api/user/repositories"},{"normalizedNames":{},"lazyUpdate":null,"headers":{}}]
sended request[{"Time":1649149149195,"reqMethod":"GET","reqURL":"http://localhost:8080/api/mongo/user/"},{"normalizedNames":{},"lazyUpdate":null,"headers":{}}]
sended request[{"Time":1649149170771,"reqMethod":"POST","reqURL":"http://localhost:8080/api/jira/user/create/"},{"normalizedNames":{},"lazyUpdate":null,"headers":{}}]
sended request[{"Time":1649149209182,"reqMethod":"GET","reqURL":"http://localhost:8080/api/user/logout"},{"normalizedNames":{},"lazyUpdate":null,"headers":{}}]
sended request[{"Time":1649149224394,"reqMethod":"POST","reqURL":"http://localhost:8080/api/user/login"},{"normalizedNames":{},"lazyUpdate":null,"headers":{}}]
sended request[{"Time":1649149224422,"reqMethod":"GET","reqURL":"http://localhost:8080/api/user/repositories"},{"normalizedNames":{},"lazyUpdate":null,"headers":{}}]
sended request[{"Time":1649149229433,"reqMethod":"POST","reqURL":"http://localhost:8080/api/user/login"},{"normalizedNames":{},"lazyUpdate":null,"headers":{}}]
sended request[{"Time":1649149229468,"reqMethod":"GET","reqURL":"http://localhost:8080/api/user/repositories"},{"normalizedNames":{},"lazyUpdate":null,"headers":{}}]
sended request[{"Time":1649149248785,"reqMethod":"POST","reqURL":"http://localhost:8080/api/user/register"},{"normalizedNames":{},"lazyUpdate":null,"headers":{}}]
sended request[{"Time":1649149248894,"reqMethod":"POST","reqURL":"http://localhost:8080/api/user/login"},{"normalizedNames":{},"lazyUpdate":null,"headers":{}}]
sended request[{"Time":1649149248994,"reqMethod":"GET","reqURL":"http://localhost:8080/api/user/repositories"},{"normalizedNames":{},"lazyUpdate":null,"headers":{}}]
sended request[{"Time":1649149248995,"reqMethod":"GET","reqURL":"http://localhost:8080/api/mongo/user/"},{"normalizedNames":{},"lazyUpdate":null,"headers":{}}]
sended request[{"Time":1649149264145,"reqMethod":"POST","reqURL":"http://localhost:8080/api/jira/user/create/"},{"normalizedNames":{},"lazyUpdate":null,"headers":{}}]
sended request[{"Time":1649149266160,"reqMethod":"GET","reqURL":"http://localhost:8080/api/mongo/user/"},{"normalizedNames":{},"lazyUpdate":null,"headers":{}}]
sended request[{"Time":1649149293820,"reqMethod":"DELETE","reqURL":"http://localhost:8080/api/mongo/user/delete"},{"normalizedNames":{},"lazyUpdate":null,"headers":{}}]
sended request[{"Time":1649149293914,"reqMethod":"GET","reqURL":"http://localhost:8080/api/user/logout"},{"normalizedNames":{},"lazyUpdate":null,"headers":{}}]
sended request[{"Time":1649151101566,"reqMethod":"POST","reqURL":"http://localhost:8080/api/user/login"},{"normalizedNames":{},"lazyUpdate":null,"headers":{}}]
sended request[{"Time":1649151101671,"reqMethod":"GET","reqURL":"http://localhost:8080/api/user/repositories"},{"normalizedNames":{},"lazyUpdate":null,"headers":{}}]
sended request[{"Time":1649151103035,"reqMethod":"GET","reqURL":"http://localhost:8080/api/user/stories/?repoName=adessoSE/Seed-Test&githubName=adessoSE&repository=Seed-Test&source=github&id=620b63dc56b9040017673746"},{"normalizedNames":{},"lazyUpdate":null,"headers":{}}]
sended request[{"Time":1649151103036,"reqMethod":"GET","reqURL":"http://localhost:8080/api/group/620b63dc56b9040017673746"},{"normalizedNames":{},"lazyUpdate":null,"headers":{}}]
sended request[{"Time":1649151103037,"reqMethod":"GET","reqURL":"http://localhost:8080/api/group/620b63dc56b9040017673746"},{"normalizedNames":{},"lazyUpdate":null,"headers":{}}]
sended request[{"Time":1649151103061,"reqMethod":"GET","reqURL":"http://localhost:8080/api/mongo/stepTypes"},{"normalizedNames":{},"lazyUpdate":null,"headers":{}}]
sended request[{"Time":1649151109414,"reqMethod":"GET","reqURL":"http://localhost:8080/api/user/repositories"},{"normalizedNames":{},"lazyUpdate":null,"headers":{}}]
sended request[{"Time":1649151109417,"reqMethod":"GET","reqURL":"http://localhost:8080/api/mongo/user/"},{"normalizedNames":{},"lazyUpdate":null,"headers":{}}]
sended request[{"Time":1649151122062,"reqMethod":"POST","reqURL":"http://localhost:8080/api/jira/user/create/"},{"normalizedNames":{},"lazyUpdate":null,"headers":{}}]
sended request[{"Time":1649151124195,"reqMethod":"GET","reqURL":"http://localhost:8080/api/mongo/user/"},{"normalizedNames":{},"lazyUpdate":null,"headers":{}}]
sended request[{"Time":1649151136458,"reqMethod":"GET","reqURL":"http://localhost:8080/api/user/repositories"},{"normalizedNames":{},"lazyUpdate":null,"headers":{}}]
sended request[{"Time":1649151136480,"reqMethod":"GET","reqURL":"http://localhost:8080/api/user/repositories"},{"normalizedNames":{},"lazyUpdate":null,"headers":{}}]
sended request[{"Time":1649151136483,"reqMethod":"GET","reqURL":"http://localhost:8080/api/mongo/user/"},{"normalizedNames":{},"lazyUpdate":null,"headers":{}}]
sended request[{"Time":1649156336261,"reqMethod":"GET","reqURL":"http://localhost:8080/api/user/logout"},{"normalizedNames":{},"lazyUpdate":null,"headers":{}}]
sended request[{"Time":1649156338011,"reqMethod":"GET","reqURL":"http://localhost:8080/api/user/callback?code=225d173fbeaa1eff4ca3"},{"normalizedNames":{},"lazyUpdate":null,"headers":{}}]
sended request[{"Time":1649156338574,"reqMethod":"GET","reqURL":"http://localhost:8080/api/user/repositories"},{"normalizedNames":{},"lazyUpdate":null,"headers":{}}]
sended request[{"Time":1649156342950,"reqMethod":"GET","reqURL":"http://localhost:8080/api/user/stories/?repoName=adessoSE/Seed-Test&githubName=adessoSE&repository=Seed-Test&source=github&id=620b63dc56b9040017673746"},{"normalizedNames":{},"lazyUpdate":null,"headers":{}}]
sended request[{"Time":1649156342951,"reqMethod":"GET","reqURL":"http://localhost:8080/api/group/620b63dc56b9040017673746"},{"normalizedNames":{},"lazyUpdate":null,"headers":{}}]
sended request[{"Time":1649156342952,"reqMethod":"GET","reqURL":"http://localhost:8080/api/group/620b63dc56b9040017673746"},{"normalizedNames":{},"lazyUpdate":null,"headers":{}}]
sended request[{"Time":1649156342973,"reqMethod":"GET","reqURL":"http://localhost:8080/api/mongo/stepTypes"},{"normalizedNames":{},"lazyUpdate":null,"headers":{}}]
